<?xml version="1.0" encoding="UTF-8"?>
<robot generator="Robot 4.1.2 (Python 3.6.5 on win32)" generated="20220501 16:07:19.482" rpa="false" schemaversion="2">
<suite id="s1" name="Web Gmail" source="C:\development\robot-scripts\RF_gmail\tests\web_gmail.robot">
<test id="s1-t1" name="lets open browser">
<kw name="Open Browser" library="SeleniumLibrary">
<arg>${gmail}</arg>
<arg>${using_GoogleChrome}</arg>
<doc>Opens a new browser instance to the optional ``url``.</doc>
<msg timestamp="20220501 16:07:19.646" level="INFO">Opening browser 'GC' to base url 'https://accounts.google.com/b/0/AddMailService'.</msg>
<status status="PASS" starttime="20220501 16:07:19.646" endtime="20220501 16:07:38.675"/>
</kw>
<kw name="Maximize Browser Window" library="SeleniumLibrary">
<doc>Maximizes current browser window.</doc>
<status status="PASS" starttime="20220501 16:07:38.676" endtime="20220501 16:07:38.935"/>
</kw>
<kw name="Sleep" library="BuiltIn">
<arg>10s</arg>
<doc>Pauses the test executed for the given time.</doc>
<msg timestamp="20220501 16:07:48.948" level="INFO">Slept 10 seconds</msg>
<status status="PASS" starttime="20220501 16:07:38.935" endtime="20220501 16:07:48.948"/>
</kw>
<kw name="Wait Until Page Contains" library="SeleniumLibrary">
<arg>Sign in</arg>
<doc>Waits until ``text`` appears on the current page.</doc>
<status status="PASS" starttime="20220501 16:07:48.949" endtime="20220501 16:07:48.985"/>
</kw>
<kw name="Input Text" library="SeleniumLibrary">
<arg>id=identifierId</arg>
<arg>${gmail_id}</arg>
<doc>Types the given ``text`` into the text field identified by ``locator``.</doc>
<msg timestamp="20220501 16:07:48.985" level="INFO">Typing text 'kavya590@sasi.ac.in' into text field 'id=identifierId'.</msg>
<status status="PASS" starttime="20220501 16:07:48.985" endtime="20220501 16:07:49.165"/>
</kw>
<kw name="Sleep" library="BuiltIn">
<arg>10s</arg>
<doc>Pauses the test executed for the given time.</doc>
<msg timestamp="20220501 16:07:59.180" level="INFO">Slept 10 seconds</msg>
<status status="PASS" starttime="20220501 16:07:49.165" endtime="20220501 16:07:59.180"/>
</kw>
<kw name="Click Button" library="SeleniumLibrary">
<arg>${press_next}</arg>
<doc>Clicks the button identified by ``locator``.</doc>
<msg timestamp="20220501 16:07:59.180" level="INFO">Clicking button 'xpath=//*[@id="identifierNext"]/div/button'.</msg>
<status status="PASS" starttime="20220501 16:07:59.180" endtime="20220501 16:07:59.364"/>
</kw>
<kw name="Sleep" library="BuiltIn">
<arg>10s</arg>
<doc>Pauses the test executed for the given time.</doc>
<msg timestamp="20220501 16:08:09.371" level="INFO">Slept 10 seconds</msg>
<status status="PASS" starttime="20220501 16:07:59.365" endtime="20220501 16:08:09.371"/>
</kw>
<kw name="Wait Until Page Contains" library="SeleniumLibrary">
<arg>Welcome</arg>
<doc>Waits until ``text`` appears on the current page.</doc>
<status status="PASS" starttime="20220501 16:08:09.371" endtime="20220501 16:08:09.427"/>
</kw>
<kw name="Input Text" library="SeleniumLibrary">
<arg>name=password</arg>
<arg>${gmail_pass}</arg>
<doc>Types the given ``text`` into the text field identified by ``locator``.</doc>
<msg timestamp="20220501 16:08:09.435" level="INFO">Typing text 'Kavya@9290189033' into text field 'name=password'.</msg>
<status status="PASS" starttime="20220501 16:08:09.432" endtime="20220501 16:08:10.263"/>
</kw>
<kw name="Sleep" library="BuiltIn">
<arg>10s</arg>
<doc>Pauses the test executed for the given time.</doc>
<msg timestamp="20220501 16:08:20.272" level="INFO">Slept 10 seconds</msg>
<status status="PASS" starttime="20220501 16:08:10.263" endtime="20220501 16:08:20.272"/>
</kw>
<kw name="Click Button" library="SeleniumLibrary">
<arg>${click_next}</arg>
<doc>Clicks the button identified by ``locator``.</doc>
<msg timestamp="20220501 16:08:20.272" level="INFO">Clicking button 'xpath=//*[@id="passwordNext"]/div/button'.</msg>
<status status="PASS" starttime="20220501 16:08:20.272" endtime="20220501 16:08:20.468"/>
</kw>
<kw name="Sleep" library="BuiltIn">
<arg>5s</arg>
<doc>Pauses the test executed for the given time.</doc>
<msg timestamp="20220501 16:08:25.475" level="INFO">Slept 5 seconds</msg>
<status status="PASS" starttime="20220501 16:08:20.468" endtime="20220501 16:08:25.475"/>
</kw>
<kw name="Click Element" library="SeleniumLibrary">
<arg>${click_sasilogo}</arg>
<doc>Click the element identified by ``locator``.</doc>
<msg timestamp="20220501 16:08:25.475" level="INFO">Clicking element 'xpath=//*[@id="gb"]/div[2]/div[3]/div[1]/div[2]/div[1]/div/img'.</msg>
<status status="PASS" starttime="20220501 16:08:25.475" endtime="20220501 16:08:56.872"/>
</kw>
<kw name="Wait Until Page Contains" library="SeleniumLibrary">
<arg>kavya590@sasi.ac.in</arg>
<doc>Waits until ``text`` appears on the current page.</doc>
<status status="PASS" starttime="20220501 16:08:56.873" endtime="20220501 16:08:57.038"/>
</kw>
<kw name="Sleep" library="BuiltIn">
<arg>5s</arg>
<doc>Pauses the test executed for the given time.</doc>
<msg timestamp="20220501 16:09:02.055" level="INFO">Slept 5 seconds</msg>
<status status="PASS" starttime="20220501 16:08:57.039" endtime="20220501 16:09:02.055"/>
</kw>
<kw name="Click Button" library="SeleniumLibrary">
<arg>id=yDmH0d</arg>
<doc>Clicks the button identified by ``locator``.</doc>
<msg timestamp="20220501 16:09:02.055" level="INFO">Clicking button 'id=yDmH0d'.</msg>
<kw name="Capture Page Screenshot" library="SeleniumLibrary">
<doc>Takes a screenshot of the current page and embeds it into a log file.</doc>
<msg timestamp="20220501 16:09:02.461" level="INFO" html="true">&lt;/td&gt;&lt;/tr&gt;&lt;tr&gt;&lt;td colspan="3"&gt;&lt;a href="selenium-screenshot-66.png"&gt;&lt;img src="selenium-screenshot-66.png" width="800px"&gt;&lt;/a&gt;</msg>
<status status="PASS" starttime="20220501 16:09:02.113" endtime="20220501 16:09:02.461"/>
</kw>
<msg timestamp="20220501 16:09:02.556" level="FAIL">Button with locator 'id=yDmH0d' not found.</msg>
<status status="FAIL" starttime="20220501 16:09:02.055" endtime="20220501 16:09:02.556"/>
</kw>
<status status="FAIL" starttime="20220501 16:07:19.646" endtime="20220501 16:09:02.556">Button with locator 'id=yDmH0d' not found.</status>
</test>
<status status="FAIL" starttime="20220501 16:07:19.484" endtime="20220501 16:09:02.568"/>
</suite>
<statistics>
<total>
<stat pass="0" fail="1" skip="0">All Tests</stat>
</total>
<tag>
</tag>
<suite>
<stat pass="0" fail="1" skip="0" id="s1" name="Web Gmail">Web Gmail</stat>
</suite>
</statistics>
<errors>
</errors>
</robot>
